[2024-04-03T14:56:36.159+0000] {taskinstance.py:1979} INFO - Dependencies all met for dep_context=non-requeueable deps ti=<TaskInstance: google_sheet_to_bigquery.fetch_and_load_data_to_bigquery manual__2024-04-03T14:56:32.071200+00:00 [queued]>
[2024-04-03T14:56:36.171+0000] {taskinstance.py:1979} INFO - Dependencies all met for dep_context=requeueable deps ti=<TaskInstance: google_sheet_to_bigquery.fetch_and_load_data_to_bigquery manual__2024-04-03T14:56:32.071200+00:00 [queued]>
[2024-04-03T14:56:36.172+0000] {taskinstance.py:2193} INFO - Starting attempt 1 of 2
[2024-04-03T14:56:36.191+0000] {taskinstance.py:2217} INFO - Executing <Task(PythonOperator): fetch_and_load_data_to_bigquery> on 2024-04-03 14:56:32.071200+00:00
[2024-04-03T14:56:36.198+0000] {standard_task_runner.py:60} INFO - Started process 8431 to run task
[2024-04-03T14:56:36.202+0000] {standard_task_runner.py:87} INFO - Running: ['***', 'tasks', 'run', 'google_sheet_to_bigquery', 'fetch_and_load_data_to_bigquery', 'manual__2024-04-03T14:56:32.071200+00:00', '--job-id', '131', '--raw', '--subdir', 'DAGS_FOLDER/dags/habidag.py', '--cfg-path', '/tmp/tmpnzgtzrc8']
[2024-04-03T14:56:36.203+0000] {standard_task_runner.py:88} INFO - Job 131: Subtask fetch_and_load_data_to_bigquery
[2024-04-03T14:56:36.278+0000] {task_command.py:423} INFO - Running <TaskInstance: google_sheet_to_bigquery.fetch_and_load_data_to_bigquery manual__2024-04-03T14:56:32.071200+00:00 [running]> on host 84784c125ee0
[2024-04-03T14:56:36.438+0000] {taskinstance.py:2513} INFO - Exporting env vars: AIRFLOW_CTX_DAG_OWNER='***' AIRFLOW_CTX_DAG_ID='google_sheet_to_bigquery' AIRFLOW_CTX_TASK_ID='fetch_and_load_data_to_bigquery' AIRFLOW_CTX_EXECUTION_DATE='2024-04-03T14:56:32.071200+00:00' AIRFLOW_CTX_TRY_NUMBER='1' AIRFLOW_CTX_DAG_RUN_ID='manual__2024-04-03T14:56:32.071200+00:00'
[2024-04-03T14:56:37.216+0000] {connection.py:269} WARNING - Connection schemes (type: google_cloud_platform) shall not contain '_' according to RFC3986.
[2024-04-03T14:56:37.221+0000] {base.py:83} INFO - Using connection ID 'google_cloud_default' for task execution.
[2024-04-03T14:56:37.222+0000] {bigquery.py:470} INFO - datasetId was not specified in `dataset_reference`. Will use default value datalake_anyeli10.
[2024-04-03T14:56:37.223+0000] {bigquery.py:470} INFO - projectId was not specified in `dataset_reference`. Will use default value papyrus-technical-test.
[2024-04-03T14:56:37.224+0000] {bigquery.py:481} INFO - Creating dataset: datalake_anyeli10 in project: papyrus-technical-test 
[2024-04-03T14:56:38.299+0000] {bigquery.py:485} INFO - Dataset created successfully.
[2024-04-03T14:56:38.690+0000] {connection.py:269} WARNING - Connection schemes (type: google_cloud_platform) shall not contain '_' according to RFC3986.
[2024-04-03T14:56:38.693+0000] {base.py:83} INFO - Using connection ID 'google_cloud_default' for task execution.
[2024-04-03T14:56:38.694+0000] {bigquery.py:1516} INFO - Creating table
[2024-04-03T14:56:40.111+0000] {bigquery.py:1538} INFO - Table papyrus-technical-test.datalake_anyeli10.transportistas created successfully
[2024-04-03T14:56:40.138+0000] {logging_mixin.py:188} INFO -    idTransportista     nombreEmpresa
0                1    Speedy Express
1                2    United Package
2                3  Federal Shipping
3                4     test cargue 1
[2024-04-03T14:56:40.148+0000] {connection.py:269} WARNING - Connection schemes (type: google_cloud_platform) shall not contain '_' according to RFC3986.
[2024-04-03T14:56:40.150+0000] {base.py:83} INFO - Using connection ID 'google_cloud_default' for task execution.
[2024-04-03T14:56:40.197+0000] {bigquery.py:2811} INFO - Executing: {'query': {'query': "INSERT `papyrus-technical-test.datalake_anyeli10.transportistas` VALUES (1, 'Speedy Express'), (2, 'United Package'), (3, 'Federal Shipping'), (4, 'test cargue 1');", 'useLegacySql': False, 'allowLargeResults': True, 'priority': 'BATCH'}}'
[2024-04-03T14:56:40.199+0000] {bigquery.py:1613} INFO - Inserting job ***_adhoc_***_insert_data_transportistas_2024_04_03T14_56_32_071200_00_00_bed5882db252f1f7ca7340f4b098d6fc
[2024-04-03T14:56:41.451+0000] {bigquery.py:62} INFO - Using the connection  google_cloud_default .
[2024-04-03T14:56:41.463+0000] {taskinstance.py:2370} INFO - Pausing task as DEFERRED. dag_id=google_sheet_to_bigquery, task_id=fetch_and_load_data_to_bigquery, execution_date=20240403T145632, start_date=20240403T145636
[2024-04-03T14:56:41.548+0000] {local_task_job_runner.py:231} INFO - Task exited with return code 100 (task deferral)
