[2024-04-03T03:36:21.126+0000] {taskinstance.py:1979} INFO - Dependencies all met for dep_context=non-requeueable deps ti=<TaskInstance: google_sheet_to_bigquery.load_data_to_bigquery manual__2024-04-03T03:36:05.486339+00:00 [queued]>
[2024-04-03T03:36:21.137+0000] {taskinstance.py:1979} INFO - Dependencies all met for dep_context=requeueable deps ti=<TaskInstance: google_sheet_to_bigquery.load_data_to_bigquery manual__2024-04-03T03:36:05.486339+00:00 [queued]>
[2024-04-03T03:36:21.138+0000] {taskinstance.py:2193} INFO - Starting attempt 1 of 2
[2024-04-03T03:36:21.155+0000] {taskinstance.py:2217} INFO - Executing <Task(PythonOperator): load_data_to_bigquery> on 2024-04-03 03:36:05.486339+00:00
[2024-04-03T03:36:21.162+0000] {standard_task_runner.py:60} INFO - Started process 5815 to run task
[2024-04-03T03:36:21.166+0000] {standard_task_runner.py:87} INFO - Running: ['***', 'tasks', 'run', 'google_sheet_to_bigquery', 'load_data_to_bigquery', 'manual__2024-04-03T03:36:05.486339+00:00', '--job-id', '94', '--raw', '--subdir', 'DAGS_FOLDER/dags/habidag.py', '--cfg-path', '/tmp/tmped3aci07']
[2024-04-03T03:36:21.168+0000] {standard_task_runner.py:88} INFO - Job 94: Subtask load_data_to_bigquery
[2024-04-03T03:36:21.223+0000] {task_command.py:423} INFO - Running <TaskInstance: google_sheet_to_bigquery.load_data_to_bigquery manual__2024-04-03T03:36:05.486339+00:00 [running]> on host 84784c125ee0
[2024-04-03T03:36:21.333+0000] {taskinstance.py:2513} INFO - Exporting env vars: AIRFLOW_CTX_DAG_OWNER='***' AIRFLOW_CTX_DAG_ID='google_sheet_to_bigquery' AIRFLOW_CTX_TASK_ID='load_data_to_bigquery' AIRFLOW_CTX_EXECUTION_DATE='2024-04-03T03:36:05.486339+00:00' AIRFLOW_CTX_TRY_NUMBER='1' AIRFLOW_CTX_DAG_RUN_ID='manual__2024-04-03T03:36:05.486339+00:00'
[2024-04-03T03:36:21.357+0000] {logging_mixin.py:188} INFO -    idTransportista     nombreEmpresa
0                1    Speedy Express
1                2    United Package
2                3  Federal Shipping
3                4     test cargue 1
[2024-04-03T03:36:21.359+0000] {logging_mixin.py:188} INFO - INSERT `papyrus-technical-test.datalake_anyeli2.transportistas` VALUES (1, 'Speedy Express'), (2, 'United Package'), (3, 'Federal Shipping'), (4, 'test cargue 1');
[2024-04-03T03:36:21.370+0000] {connection.py:269} WARNING - Connection schemes (type: google_cloud_platform) shall not contain '_' according to RFC3986.
[2024-04-03T03:36:21.375+0000] {base.py:83} INFO - Using connection ID 'google_cloud_default' for task execution.
[2024-04-03T03:36:21.423+0000] {bigquery.py:2811} INFO - Executing: {'query': {'query': "INSERT `papyrus-technical-test.datalake_anyeli2.transportistas` VALUES (1, 'Speedy Express'), (2, 'United Package'), (3, 'Federal Shipping'), (4, 'test cargue 1');", 'useLegacySql': False, 'priority': 'BATCH'}}'
[2024-04-03T03:36:21.425+0000] {bigquery.py:1613} INFO - Inserting job ***_adhoc_***_insert_data_2024_04_03T03_36_05_486339_00_00_00954c337af6f6ca11baf9d9001467a8
[2024-04-03T03:36:23.849+0000] {python.py:202} INFO - Done. Returned value was: None
[2024-04-03T03:36:23.869+0000] {taskinstance.py:1149} INFO - Marking task as SUCCESS. dag_id=google_sheet_to_bigquery, task_id=load_data_to_bigquery, execution_date=20240403T033605, start_date=20240403T033621, end_date=20240403T033623
[2024-04-03T03:36:23.911+0000] {local_task_job_runner.py:234} INFO - Task exited with return code 0
[2024-04-03T03:36:23.934+0000] {taskinstance.py:3312} INFO - 0 downstream tasks scheduled from follow-on schedule check
