[2024-04-02T18:39:29.112+0000] {processor.py:161} INFO - Started process (PID=37) to work on /opt/airflow/dags/dags/tuto.py
[2024-04-02T18:39:29.123+0000] {processor.py:830} INFO - Processing file /opt/airflow/dags/dags/tuto.py for tasks to queue
[2024-04-02T18:39:29.172+0000] {logging_mixin.py:188} INFO - [2024-04-02T18:39:29.165+0000] {dagbag.py:540} INFO - Filling up the DagBag from /opt/airflow/dags/dags/tuto.py
[2024-04-02T18:39:29.591+0000] {processor.py:840} INFO - DAG(s) 'tutorial' retrieved from /opt/airflow/dags/dags/tuto.py
[2024-04-02T18:39:30.171+0000] {logging_mixin.py:188} INFO - [2024-04-02T18:39:30.168+0000] {dag.py:3047} INFO - Sync 1 DAGs
[2024-04-02T18:39:30.221+0000] {logging_mixin.py:188} INFO - [2024-04-02T18:39:30.220+0000] {dag.py:3834} INFO - Setting next_dagrun for tutorial to 2015-06-01 00:00:00+00:00, run_after=2015-06-02 00:00:00+00:00
[2024-04-02T18:39:30.328+0000] {processor.py:183} INFO - Processing /opt/airflow/dags/dags/tuto.py took 1.244 seconds
[2024-04-02T18:40:00.857+0000] {processor.py:161} INFO - Started process (PID=96) to work on /opt/airflow/dags/dags/tuto.py
[2024-04-02T18:40:00.859+0000] {processor.py:830} INFO - Processing file /opt/airflow/dags/dags/tuto.py for tasks to queue
[2024-04-02T18:40:00.862+0000] {logging_mixin.py:188} INFO - [2024-04-02T18:40:00.862+0000] {dagbag.py:540} INFO - Filling up the DagBag from /opt/airflow/dags/dags/tuto.py
[2024-04-02T18:40:00.887+0000] {processor.py:840} INFO - DAG(s) 'tutorial' retrieved from /opt/airflow/dags/dags/tuto.py
[2024-04-02T18:40:00.923+0000] {logging_mixin.py:188} INFO - [2024-04-02T18:40:00.923+0000] {dag.py:3047} INFO - Sync 1 DAGs
[2024-04-02T18:40:00.960+0000] {logging_mixin.py:188} INFO - [2024-04-02T18:40:00.960+0000] {dag.py:3834} INFO - Setting next_dagrun for tutorial to 2015-06-01 00:00:00+00:00, run_after=2015-06-02 00:00:00+00:00
[2024-04-02T18:40:00.992+0000] {processor.py:183} INFO - Processing /opt/airflow/dags/dags/tuto.py took 0.140 seconds
[2024-04-02T18:40:31.091+0000] {processor.py:161} INFO - Started process (PID=155) to work on /opt/airflow/dags/dags/tuto.py
[2024-04-02T18:40:31.094+0000] {processor.py:830} INFO - Processing file /opt/airflow/dags/dags/tuto.py for tasks to queue
[2024-04-02T18:40:31.097+0000] {logging_mixin.py:188} INFO - [2024-04-02T18:40:31.097+0000] {dagbag.py:540} INFO - Filling up the DagBag from /opt/airflow/dags/dags/tuto.py
[2024-04-02T18:40:31.137+0000] {processor.py:840} INFO - DAG(s) 'tutorial' retrieved from /opt/airflow/dags/dags/tuto.py
[2024-04-02T18:40:31.156+0000] {logging_mixin.py:188} INFO - [2024-04-02T18:40:31.155+0000] {dag.py:3047} INFO - Sync 1 DAGs
[2024-04-02T18:40:31.193+0000] {logging_mixin.py:188} INFO - [2024-04-02T18:40:31.193+0000] {dag.py:3834} INFO - Setting next_dagrun for tutorial to 2015-06-01 00:00:00+00:00, run_after=2015-06-02 00:00:00+00:00
[2024-04-02T18:40:31.226+0000] {processor.py:183} INFO - Processing /opt/airflow/dags/dags/tuto.py took 0.141 seconds
[2024-04-02T18:41:01.283+0000] {processor.py:161} INFO - Started process (PID=214) to work on /opt/airflow/dags/dags/tuto.py
[2024-04-02T18:41:01.284+0000] {processor.py:830} INFO - Processing file /opt/airflow/dags/dags/tuto.py for tasks to queue
[2024-04-02T18:41:01.288+0000] {logging_mixin.py:188} INFO - [2024-04-02T18:41:01.287+0000] {dagbag.py:540} INFO - Filling up the DagBag from /opt/airflow/dags/dags/tuto.py
[2024-04-02T18:41:01.313+0000] {processor.py:840} INFO - DAG(s) 'tutorial' retrieved from /opt/airflow/dags/dags/tuto.py
[2024-04-02T18:41:01.453+0000] {logging_mixin.py:188} INFO - [2024-04-02T18:41:01.453+0000] {dag.py:3047} INFO - Sync 1 DAGs
[2024-04-02T18:41:01.481+0000] {logging_mixin.py:188} INFO - [2024-04-02T18:41:01.481+0000] {dag.py:3834} INFO - Setting next_dagrun for tutorial to 2015-06-01 00:00:00+00:00, run_after=2015-06-02 00:00:00+00:00
[2024-04-02T18:41:01.515+0000] {processor.py:183} INFO - Processing /opt/airflow/dags/dags/tuto.py took 0.236 seconds
[2024-04-02T18:41:31.760+0000] {processor.py:161} INFO - Started process (PID=273) to work on /opt/airflow/dags/dags/tuto.py
[2024-04-02T18:41:31.762+0000] {processor.py:830} INFO - Processing file /opt/airflow/dags/dags/tuto.py for tasks to queue
[2024-04-02T18:41:31.766+0000] {logging_mixin.py:188} INFO - [2024-04-02T18:41:31.765+0000] {dagbag.py:540} INFO - Filling up the DagBag from /opt/airflow/dags/dags/tuto.py
[2024-04-02T18:41:31.795+0000] {processor.py:840} INFO - DAG(s) 'tutorial' retrieved from /opt/airflow/dags/dags/tuto.py
[2024-04-02T18:41:31.832+0000] {logging_mixin.py:188} INFO - [2024-04-02T18:41:31.832+0000] {dag.py:3047} INFO - Sync 1 DAGs
[2024-04-02T18:41:31.867+0000] {logging_mixin.py:188} INFO - [2024-04-02T18:41:31.867+0000] {dag.py:3834} INFO - Setting next_dagrun for tutorial to 2015-06-01 00:00:00+00:00, run_after=2015-06-02 00:00:00+00:00
[2024-04-02T18:41:31.899+0000] {processor.py:183} INFO - Processing /opt/airflow/dags/dags/tuto.py took 0.143 seconds
[2024-04-02T18:42:03.552+0000] {processor.py:161} INFO - Started process (PID=332) to work on /opt/airflow/dags/dags/tuto.py
[2024-04-02T18:42:03.572+0000] {processor.py:830} INFO - Processing file /opt/airflow/dags/dags/tuto.py for tasks to queue
[2024-04-02T18:42:03.579+0000] {logging_mixin.py:188} INFO - [2024-04-02T18:42:03.578+0000] {dagbag.py:540} INFO - Filling up the DagBag from /opt/airflow/dags/dags/tuto.py
[2024-04-02T18:42:04.408+0000] {processor.py:840} INFO - DAG(s) 'tutorial' retrieved from /opt/airflow/dags/dags/tuto.py
[2024-04-02T18:42:04.440+0000] {logging_mixin.py:188} INFO - [2024-04-02T18:42:04.440+0000] {dag.py:3047} INFO - Sync 1 DAGs
[2024-04-02T18:42:04.552+0000] {logging_mixin.py:188} INFO - [2024-04-02T18:42:04.551+0000] {dag.py:3834} INFO - Setting next_dagrun for tutorial to 2015-06-01 00:00:00+00:00, run_after=2015-06-02 00:00:00+00:00
[2024-04-02T18:42:05.485+0000] {processor.py:183} INFO - Processing /opt/airflow/dags/dags/tuto.py took 1.939 seconds
