[2024-04-03T14:00:07.650+0000] {taskinstance.py:1979} INFO - Dependencies all met for dep_context=non-requeueable deps ti=<TaskInstance: google_sheet_to_bigquery.fetch_and_load_data_to_bigquery scheduled__2024-04-03T13:00:00+00:00 [queued]>
[2024-04-03T14:00:07.699+0000] {taskinstance.py:1979} INFO - Dependencies all met for dep_context=requeueable deps ti=<TaskInstance: google_sheet_to_bigquery.fetch_and_load_data_to_bigquery scheduled__2024-04-03T13:00:00+00:00 [queued]>
[2024-04-03T14:00:07.700+0000] {taskinstance.py:2193} INFO - Starting attempt 1 of 2
[2024-04-03T14:00:07.740+0000] {taskinstance.py:2217} INFO - Executing <Task(PythonOperator): fetch_and_load_data_to_bigquery> on 2024-04-03 13:00:00+00:00
[2024-04-03T14:00:07.760+0000] {standard_task_runner.py:60} INFO - Started process 7622 to run task
[2024-04-03T14:00:07.771+0000] {standard_task_runner.py:87} INFO - Running: ['***', 'tasks', 'run', 'google_sheet_to_bigquery', 'fetch_and_load_data_to_bigquery', 'scheduled__2024-04-03T13:00:00+00:00', '--job-id', '117', '--raw', '--subdir', 'DAGS_FOLDER/dags/habidag.py', '--cfg-path', '/tmp/tmpyc_4dyvj']
[2024-04-03T14:00:07.776+0000] {standard_task_runner.py:88} INFO - Job 117: Subtask fetch_and_load_data_to_bigquery
[2024-04-03T14:00:08.026+0000] {task_command.py:423} INFO - Running <TaskInstance: google_sheet_to_bigquery.fetch_and_load_data_to_bigquery scheduled__2024-04-03T13:00:00+00:00 [running]> on host 84784c125ee0
[2024-04-03T14:00:08.659+0000] {taskinstance.py:2513} INFO - Exporting env vars: AIRFLOW_CTX_DAG_OWNER='***' AIRFLOW_CTX_DAG_ID='google_sheet_to_bigquery' AIRFLOW_CTX_TASK_ID='fetch_and_load_data_to_bigquery' AIRFLOW_CTX_EXECUTION_DATE='2024-04-03T13:00:00+00:00' AIRFLOW_CTX_TRY_NUMBER='1' AIRFLOW_CTX_DAG_RUN_ID='scheduled__2024-04-03T13:00:00+00:00'
[2024-04-03T14:00:10.071+0000] {connection.py:269} WARNING - Connection schemes (type: google_cloud_platform) shall not contain '_' according to RFC3986.
[2024-04-03T14:00:10.087+0000] {base.py:83} INFO - Using connection ID 'google_cloud_default' for task execution.
[2024-04-03T14:00:10.088+0000] {bigquery.py:470} INFO - datasetId was not specified in `dataset_reference`. Will use default value datalake_anyeli7.
[2024-04-03T14:00:10.089+0000] {bigquery.py:470} INFO - projectId was not specified in `dataset_reference`. Will use default value papyrus-technical-test.
[2024-04-03T14:00:10.090+0000] {bigquery.py:481} INFO - Creating dataset: datalake_anyeli7 in project: papyrus-technical-test 
[2024-04-03T14:00:11.302+0000] {bigquery.py:485} INFO - Dataset created successfully.
[2024-04-03T14:00:11.555+0000] {logging_mixin.py:188} INFO - index_float_columns:  []
[2024-04-03T14:00:11.754+0000] {connection.py:269} WARNING - Connection schemes (type: google_cloud_platform) shall not contain '_' according to RFC3986.
[2024-04-03T14:00:11.757+0000] {base.py:83} INFO - Using connection ID 'google_cloud_default' for task execution.
[2024-04-03T14:00:11.758+0000] {bigquery.py:1516} INFO - Creating table
[2024-04-03T14:00:12.962+0000] {bigquery.py:1538} INFO - Table papyrus-technical-test.datalake_anyeli7.transportistas created successfully
[2024-04-03T14:00:12.986+0000] {logging_mixin.py:188} INFO - [{'idTransportista': 1, 'nombreEmpresa': 'Speedy Express'}, {'idTransportista': 2, 'nombreEmpresa': 'United Package'}, {'idTransportista': 3, 'nombreEmpresa': 'Federal Shipping'}, {'idTransportista': 4, 'nombreEmpresa': 'test cargue 1'}]
[2024-04-03T14:00:13.000+0000] {logging_mixin.py:188} INFO -    idTransportista     nombreEmpresa
0                1    Speedy Express
1                2    United Package
2                3  Federal Shipping
3                4     test cargue 1
[2024-04-03T14:00:13.010+0000] {connection.py:269} WARNING - Connection schemes (type: google_cloud_platform) shall not contain '_' according to RFC3986.
[2024-04-03T14:00:13.013+0000] {base.py:83} INFO - Using connection ID 'google_cloud_default' for task execution.
[2024-04-03T14:00:13.060+0000] {bigquery.py:2811} INFO - Executing: {'query': {'query': "INSERT `papyrus-technical-test.datalake_anyeli7.transportistas` VALUES (1, 'Speedy Express'), (2, 'United Package'), (3, 'Federal Shipping'), (4, 'test cargue 1');", 'useLegacySql': False, 'priority': 'BATCH'}}'
[2024-04-03T14:00:13.061+0000] {bigquery.py:1613} INFO - Inserting job ***_adhoc_***_insert_data_transportistas_2024_04_03T13_00_00_00_00_dcf447fc95e2078fba063448dda0fdf1
[2024-04-03T14:00:17.460+0000] {logging_mixin.py:188} INFO - index_float_columns:  []
[2024-04-03T14:00:17.648+0000] {connection.py:269} WARNING - Connection schemes (type: google_cloud_platform) shall not contain '_' according to RFC3986.
[2024-04-03T14:00:17.657+0000] {base.py:83} INFO - Using connection ID 'google_cloud_default' for task execution.
[2024-04-03T14:00:17.658+0000] {bigquery.py:1516} INFO - Creating table
[2024-04-03T14:00:19.006+0000] {bigquery.py:1538} INFO - Table papyrus-technical-test.datalake_anyeli7.categorias created successfully
[2024-04-03T14:00:19.024+0000] {logging_mixin.py:188} INFO - [{'idCategoria': 1, 'nombreCategoria': 'Beverages', 'descripcion': 'Soft drinks, coffees, teas, beers, and ales'}, {'idCategoria': 2, 'nombreCategoria': 'Condiments', 'descripcion': 'Sweet and savory sauces, relishes, spreads, and seasonings'}, {'idCategoria': 3, 'nombreCategoria': 'Confections', 'descripcion': 'Desserts, candies, and sweet breads'}, {'idCategoria': 4, 'nombreCategoria': 'Dairy Products', 'descripcion': 'Cheeses'}, {'idCategoria': 5, 'nombreCategoria': 'Grains & Cereals', 'descripcion': 'Breads, crackers, pasta, and cereal'}, {'idCategoria': 6, 'nombreCategoria': 'Meat & Poultry', 'descripcion': 'Prepared meats'}, {'idCategoria': 7, 'nombreCategoria': 'Produce', 'descripcion': 'Dried fruit and bean curd'}, {'idCategoria': 8, 'nombreCategoria': 'Seafood', 'descripcion': 'Seaweed and fish'}]
[2024-04-03T14:00:19.038+0000] {logging_mixin.py:188} INFO -    idCategoria  ...                                        descripcion
0            1  ...        Soft drinks, coffees, teas, beers, and ales
1            2  ...  Sweet and savory sauces, relishes, spreads, an...
2            3  ...                Desserts, candies, and sweet breads
3            4  ...                                            Cheeses
4            5  ...                Breads, crackers, pasta, and cereal
5            6  ...                                     Prepared meats
6            7  ...                          Dried fruit and bean curd
7            8  ...                                   Seaweed and fish

[8 rows x 3 columns]
[2024-04-03T14:00:19.050+0000] {connection.py:269} WARNING - Connection schemes (type: google_cloud_platform) shall not contain '_' according to RFC3986.
[2024-04-03T14:00:19.052+0000] {base.py:83} INFO - Using connection ID 'google_cloud_default' for task execution.
[2024-04-03T14:00:19.135+0000] {bigquery.py:2811} INFO - Executing: {'query': {'query': "INSERT `papyrus-technical-test.datalake_anyeli7.categorias` VALUES (1, 'Beverages', 'Soft drinks, coffees, teas, beers, and ales'), (2, 'Condiments', 'Sweet and savory sauces, relishes, spreads, and seasonings'), (3, 'Confections', 'Desserts, candies, and sweet breads'), (4, 'Dairy Products', 'Cheeses'), (5, 'Grains & Cereals', 'Breads, crackers, pasta, and cereal'), (6, 'Meat & Poultry', 'Prepared meats'), (7, 'Produce', 'Dried fruit and bean curd'), (8, 'Seafood', 'Seaweed and fish');", 'useLegacySql': False, 'priority': 'BATCH'}}'
[2024-04-03T14:00:19.136+0000] {bigquery.py:1613} INFO - Inserting job ***_adhoc_***_insert_data_categorias_2024_04_03T13_00_00_00_00_b34d6ddf649a71915a47e81457b98a20
[2024-04-03T14:00:21.921+0000] {logging_mixin.py:188} INFO - index_float_columns:  [8]
[2024-04-03T14:00:22.139+0000] {connection.py:269} WARNING - Connection schemes (type: google_cloud_platform) shall not contain '_' according to RFC3986.
[2024-04-03T14:00:22.141+0000] {base.py:83} INFO - Using connection ID 'google_cloud_default' for task execution.
[2024-04-03T14:00:22.142+0000] {bigquery.py:1516} INFO - Creating table
[2024-04-03T14:00:23.002+0000] {local_task_job_runner.py:302} WARNING - State of this instance has been externally set to failed. Terminating instance.
[2024-04-03T14:00:23.004+0000] {process_utils.py:131} INFO - Sending 15 to group 7622. PIDs of all processes in the group: [7622]
[2024-04-03T14:00:23.004+0000] {process_utils.py:86} INFO - Sending the signal 15 to group 7622
[2024-04-03T14:00:23.005+0000] {taskinstance.py:2483} ERROR - Received SIGTERM. Terminating subprocesses.
[2024-04-03T14:00:23.058+0000] {process_utils.py:79} INFO - Process psutil.Process(pid=7622, status='terminated', exitcode=0, started='14:00:07') (7622) terminated with exit code 0
