[2024-04-03T03:33:40.988+0000] {taskinstance.py:1979} INFO - Dependencies all met for dep_context=non-requeueable deps ti=<TaskInstance: google_sheet_to_bigquery.load_data_to_bigquery manual__2024-04-03T03:28:15.583855+00:00 [queued]>
[2024-04-03T03:33:41.016+0000] {taskinstance.py:1979} INFO - Dependencies all met for dep_context=requeueable deps ti=<TaskInstance: google_sheet_to_bigquery.load_data_to_bigquery manual__2024-04-03T03:28:15.583855+00:00 [queued]>
[2024-04-03T03:33:41.017+0000] {taskinstance.py:2193} INFO - Starting attempt 2 of 2
[2024-04-03T03:33:41.054+0000] {taskinstance.py:2217} INFO - Executing <Task(PythonOperator): load_data_to_bigquery> on 2024-04-03 03:28:15.583855+00:00
[2024-04-03T03:33:41.077+0000] {standard_task_runner.py:60} INFO - Started process 5772 to run task
[2024-04-03T03:33:41.082+0000] {standard_task_runner.py:87} INFO - Running: ['***', 'tasks', 'run', 'google_sheet_to_bigquery', 'load_data_to_bigquery', 'manual__2024-04-03T03:28:15.583855+00:00', '--job-id', '90', '--raw', '--subdir', 'DAGS_FOLDER/dags/habidag.py', '--cfg-path', '/tmp/tmp7nkw8xyd']
[2024-04-03T03:33:41.097+0000] {standard_task_runner.py:88} INFO - Job 90: Subtask load_data_to_bigquery
[2024-04-03T03:33:45.174+0000] {task_command.py:423} INFO - Running <TaskInstance: google_sheet_to_bigquery.load_data_to_bigquery manual__2024-04-03T03:28:15.583855+00:00 [running]> on host 84784c125ee0
[2024-04-03T03:33:45.528+0000] {taskinstance.py:2513} INFO - Exporting env vars: AIRFLOW_CTX_DAG_OWNER='***' AIRFLOW_CTX_DAG_ID='google_sheet_to_bigquery' AIRFLOW_CTX_TASK_ID='load_data_to_bigquery' AIRFLOW_CTX_EXECUTION_DATE='2024-04-03T03:28:15.583855+00:00' AIRFLOW_CTX_TRY_NUMBER='2' AIRFLOW_CTX_DAG_RUN_ID='manual__2024-04-03T03:28:15.583855+00:00'
[2024-04-03T03:33:45.681+0000] {logging_mixin.py:188} INFO -    idTransportista     nombreEmpresa
0                1    Speedy Express
1                2    United Package
2                3  Federal Shipping
3                4     test cargue 1
[2024-04-03T03:33:45.687+0000] {logging_mixin.py:188} INFO - INSERT `papyrus-technical-test.datalake_anyeli.transportistas` VALUES (1, 'Speedy Express'), (2, 'United Package'), (3, 'Federal Shipping'), (4, 'test cargue 1');
[2024-04-03T03:33:45.707+0000] {connection.py:269} WARNING - Connection schemes (type: google_cloud_platform) shall not contain '_' according to RFC3986.
[2024-04-03T03:33:45.727+0000] {base.py:83} INFO - Using connection ID 'google_cloud_default' for task execution.
[2024-04-03T03:33:45.949+0000] {bigquery.py:2811} INFO - Executing: {'query': {'query': "INSERT `papyrus-technical-test.datalake_anyeli.transportistas` VALUES (1, 'Speedy Express'), (2, 'United Package'), (3, 'Federal Shipping'), (4, 'test cargue 1');", 'useLegacySql': False, 'priority': 'BATCH'}}'
[2024-04-03T03:33:45.959+0000] {bigquery.py:1613} INFO - Inserting job ***_adhoc_***_insert_data_2024_04_03T03_28_15_583855_00_00_67af6a5a88fb13a515fe2e7aa8ea4413
[2024-04-03T03:33:48.135+0000] {taskinstance.py:2731} ERROR - Task failed with exception
Traceback (most recent call last):
  File "/home/airflow/.local/lib/python3.8/site-packages/airflow/models/taskinstance.py", line 444, in _execute_task
    result = _execute_callable(context=context, **execute_callable_kwargs)
  File "/home/airflow/.local/lib/python3.8/site-packages/airflow/models/taskinstance.py", line 414, in _execute_callable
    return execute_callable(context=context, **execute_callable_kwargs)
  File "/home/airflow/.local/lib/python3.8/site-packages/airflow/operators/python.py", line 200, in execute
    return_value = self.execute_callable()
  File "/home/airflow/.local/lib/python3.8/site-packages/airflow/operators/python.py", line 217, in execute_callable
    return self.python_callable(*self.op_args, **self.op_kwargs)
  File "/opt/airflow/dags/dags/habidag.py", line 49, in load_data_to_bigquery
    insert_query_job.execute(kwargs)
  File "/home/airflow/.local/lib/python3.8/site-packages/airflow/providers/google/cloud/operators/bigquery.py", line 2870, in execute
    job.result(timeout=self.result_timeout, retry=self.result_retry)
  File "/home/airflow/.local/lib/python3.8/site-packages/google/cloud/bigquery/job/query.py", line 1595, in result
    do_get_result()
  File "/home/airflow/.local/lib/python3.8/site-packages/google/cloud/bigquery/job/query.py", line 1584, in do_get_result
    super(QueryJob, self).result(retry=retry, timeout=timeout)
  File "/home/airflow/.local/lib/python3.8/site-packages/google/cloud/bigquery/job/base.py", line 971, in result
    return super(_AsyncJob, self).result(timeout=timeout, **kwargs)
  File "/home/airflow/.local/lib/python3.8/site-packages/google/api_core/future/polling.py", line 261, in result
    raise self._exception
google.api_core.exceptions.BadRequest: 400 Value has type STRING which cannot be inserted into column nombreEmpresa, which has type INT64 at [1:75]; reason: invalidQuery, location: query, message: Value has type STRING which cannot be inserted into column nombreEmpresa, which has type INT64 at [1:75]

Location: US
Job ID: airflow_adhoc_airflow_insert_data_2024_04_03T03_28_15_583855_00_00_67af6a5a88fb13a515fe2e7aa8ea4413

[2024-04-03T03:33:48.155+0000] {taskinstance.py:1149} INFO - Marking task as FAILED. dag_id=google_sheet_to_bigquery, task_id=load_data_to_bigquery, execution_date=20240403T032815, start_date=20240403T033340, end_date=20240403T033348
[2024-04-03T03:33:48.177+0000] {standard_task_runner.py:107} ERROR - Failed to execute job 90 for task load_data_to_bigquery (400 Value has type STRING which cannot be inserted into column nombreEmpresa, which has type INT64 at [1:75]; reason: invalidQuery, location: query, message: Value has type STRING which cannot be inserted into column nombreEmpresa, which has type INT64 at [1:75]

Location: US
Job ID: airflow_adhoc_airflow_insert_data_2024_04_03T03_28_15_583855_00_00_67af6a5a88fb13a515fe2e7aa8ea4413
; 5772)
[2024-04-03T03:33:48.221+0000] {local_task_job_runner.py:234} INFO - Task exited with return code 1
[2024-04-03T03:33:48.252+0000] {taskinstance.py:3312} INFO - 0 downstream tasks scheduled from follow-on schedule check
