[2024-04-03T14:58:45.983+0000] {taskinstance.py:1979} INFO - Dependencies all met for dep_context=non-requeueable deps ti=<TaskInstance: google_sheet_to_bigquery.fetch_and_load_data_to_bigquery manual__2024-04-03T14:58:39.226836+00:00 [queued]>
[2024-04-03T14:58:46.050+0000] {taskinstance.py:1979} INFO - Dependencies all met for dep_context=requeueable deps ti=<TaskInstance: google_sheet_to_bigquery.fetch_and_load_data_to_bigquery manual__2024-04-03T14:58:39.226836+00:00 [queued]>
[2024-04-03T14:58:46.065+0000] {taskinstance.py:2193} INFO - Starting attempt 1 of 2
[2024-04-03T14:58:46.281+0000] {taskinstance.py:2217} INFO - Executing <Task(PythonOperator): fetch_and_load_data_to_bigquery> on 2024-04-03 14:58:39.226836+00:00
[2024-04-03T14:58:46.302+0000] {standard_task_runner.py:60} INFO - Started process 8466 to run task
[2024-04-03T14:58:46.307+0000] {standard_task_runner.py:87} INFO - Running: ['***', 'tasks', 'run', 'google_sheet_to_bigquery', 'fetch_and_load_data_to_bigquery', 'manual__2024-04-03T14:58:39.226836+00:00', '--job-id', '132', '--raw', '--subdir', 'DAGS_FOLDER/dags/habidag.py', '--cfg-path', '/tmp/tmpg7iokzd9']
[2024-04-03T14:58:46.320+0000] {standard_task_runner.py:88} INFO - Job 132: Subtask fetch_and_load_data_to_bigquery
[2024-04-03T14:58:46.503+0000] {task_command.py:423} INFO - Running <TaskInstance: google_sheet_to_bigquery.fetch_and_load_data_to_bigquery manual__2024-04-03T14:58:39.226836+00:00 [running]> on host 84784c125ee0
[2024-04-03T14:58:46.845+0000] {taskinstance.py:2513} INFO - Exporting env vars: AIRFLOW_CTX_DAG_OWNER='***' AIRFLOW_CTX_DAG_ID='google_sheet_to_bigquery' AIRFLOW_CTX_TASK_ID='fetch_and_load_data_to_bigquery' AIRFLOW_CTX_EXECUTION_DATE='2024-04-03T14:58:39.226836+00:00' AIRFLOW_CTX_TRY_NUMBER='1' AIRFLOW_CTX_DAG_RUN_ID='manual__2024-04-03T14:58:39.226836+00:00'
[2024-04-03T14:58:48.429+0000] {connection.py:269} WARNING - Connection schemes (type: google_cloud_platform) shall not contain '_' according to RFC3986.
[2024-04-03T14:58:48.436+0000] {base.py:83} INFO - Using connection ID 'google_cloud_default' for task execution.
[2024-04-03T14:58:48.438+0000] {bigquery.py:470} INFO - datasetId was not specified in `dataset_reference`. Will use default value datalake_anyeli10.
[2024-04-03T14:58:48.440+0000] {bigquery.py:470} INFO - projectId was not specified in `dataset_reference`. Will use default value papyrus-technical-test.
[2024-04-03T14:58:48.447+0000] {bigquery.py:481} INFO - Creating dataset: datalake_anyeli10 in project: papyrus-technical-test 
[2024-04-03T14:58:49.993+0000] {bigquery.py:485} INFO - Dataset created successfully.
[2024-04-03T14:58:50.423+0000] {connection.py:269} WARNING - Connection schemes (type: google_cloud_platform) shall not contain '_' according to RFC3986.
[2024-04-03T14:58:50.457+0000] {base.py:83} INFO - Using connection ID 'google_cloud_default' for task execution.
[2024-04-03T14:58:50.481+0000] {bigquery.py:1516} INFO - Creating table
[2024-04-03T14:58:51.722+0000] {bigquery.py:1538} INFO - Table papyrus-technical-test.datalake_anyeli10.transportistas created successfully
[2024-04-03T14:58:51.758+0000] {logging_mixin.py:188} INFO -    idTransportista     nombreEmpresa
0                1    Speedy Express
1                2    United Package
2                3  Federal Shipping
3                4     test cargue 1
[2024-04-03T14:58:51.771+0000] {connection.py:269} WARNING - Connection schemes (type: google_cloud_platform) shall not contain '_' according to RFC3986.
[2024-04-03T14:58:51.773+0000] {base.py:83} INFO - Using connection ID 'google_cloud_default' for task execution.
[2024-04-03T14:58:51.838+0000] {bigquery.py:2811} INFO - Executing: {'query': {'query': "INSERT `papyrus-technical-test.datalake_anyeli10.transportistas` VALUES (1, 'Speedy Express'), (2, 'United Package'), (3, 'Federal Shipping'), (4, 'test cargue 1');", 'useLegacySql': False, 'allowLargeResults': True, 'priority': 'BATCH'}}'
[2024-04-03T14:58:51.839+0000] {bigquery.py:1613} INFO - Inserting job ***_adhoc_***_insert_data_transportistas_2024_04_03T14_58_39_226836_00_00_f3b343d772f6e6cd69c36eefb987100a
[2024-04-03T14:58:53.263+0000] {bigquery.py:62} INFO - Using the connection  google_cloud_default .
[2024-04-03T14:58:53.287+0000] {taskinstance.py:2370} INFO - Pausing task as DEFERRED. dag_id=google_sheet_to_bigquery, task_id=fetch_and_load_data_to_bigquery, execution_date=20240403T145839, start_date=20240403T145846
[2024-04-03T14:58:53.463+0000] {local_task_job_runner.py:231} INFO - Task exited with return code 100 (task deferral)
